Using pre-set license
Built from '2020.3/staging' branch; Version is '2020.3.33f1 (915a7af8b0d5) revision 9525882'; Using compiler version '192528614'; Build Type 'Release'
OS: 'Windows 10  (10.0.19045) 64bit Professional' Language: 'es' Physical Memory: 14131 MB
BatchMode: 1, IsHumanControllingUs: 0, StartBugReporterOnCrash: 0, Is64bit: 1, IsPro: 0

COMMAND LINE ARGUMENTS:
C:\Program Files\Unity\Hub\Editor\2020.3.33f1\Editor\Unity.exe
-adb2
-batchMode
-noUpm
-name
AssetImportWorker0
-projectPath
D:/Universidad/UNRAF/2023/TDJ4/HorrorSuspenseTDJ4/Proyecto TDJ/Horror Game
-logFile
Logs/AssetImportWorker0.log
-srvPort
62342
Successfully changed project path to: D:/Universidad/UNRAF/2023/TDJ4/HorrorSuspenseTDJ4/Proyecto TDJ/Horror Game
D:/Universidad/UNRAF/2023/TDJ4/HorrorSuspenseTDJ4/Proyecto TDJ/Horror Game
Using Asset Import Pipeline V2.
Refreshing native plugins compatible for Editor in 40.99 ms, found 2 plugins.
Preloading 0 native plugins for Editor in 0.00 ms.
Initialize engine version: 2020.3.33f1 (915a7af8b0d5)
[Subsystems] Discovering subsystems at path C:/Program Files/Unity/Hub/Editor/2020.3.33f1/Editor/Data/Resources/UnitySubsystems
[Subsystems] Discovering subsystems at path D:/Universidad/UNRAF/2023/TDJ4/HorrorSuspenseTDJ4/Proyecto TDJ/Horror Game/Assets
GfxDevice: creating device client; threaded=0
Direct3D:
    Version:  Direct3D 11.0 [level 11.1]
    Renderer: AMD Radeon(TM) Graphics (ID=0x1638)
    Vendor:   
    VRAM:     7065 MB
    Driver:   31.0.21023.2010
Initialize mono
Mono path[0] = 'C:/Program Files/Unity/Hub/Editor/2020.3.33f1/Editor/Data/Managed'
Mono path[1] = 'C:/Program Files/Unity/Hub/Editor/2020.3.33f1/Editor/Data/MonoBleedingEdge/lib/mono/unityjit'
Mono config path = 'C:/Program Files/Unity/Hub/Editor/2020.3.33f1/Editor/Data/MonoBleedingEdge/etc'
Using monoOptions --debugger-agent=transport=dt_socket,embedding=1,server=y,suspend=n,address=127.0.0.1:56652
Begin MonoManager ReloadAssembly
Registering precompiled unity dll's ...
Register platform support module: C:/Program Files/Unity/Hub/Editor/2020.3.33f1/Editor/Data/PlaybackEngines/WebGLSupport/UnityEditor.WebGL.Extensions.dll
Register platform support module: C:/Program Files/Unity/Hub/Editor/2020.3.33f1/Editor/Data/PlaybackEngines/WindowsStandaloneSupport/UnityEditor.WindowsStandalone.Extensions.dll
Registered in 0.001949 seconds.
Native extension for WindowsStandalone target not found
Native extension for WebGL target not found
Refreshing native plugins compatible for Editor in 40.27 ms, found 2 plugins.
Preloading 0 native plugins for Editor in 0.00 ms.
Mono: successfully reloaded assembly
- Completed reload, in  0.678 seconds
Domain Reload Profiling:
	ReloadAssembly (679ms)
		BeginReloadAssembly (46ms)
			ExecutionOrderSort (0ms)
			DisableScriptedObjects (0ms)
			BackupInstance (0ms)
			ReleaseScriptingObjects (0ms)
			CreateAndSetChildDomain (1ms)
		EndReloadAssembly (481ms)
			LoadAssemblies (45ms)
			RebuildTransferFunctionScriptingTraits (0ms)
			SetupTypeCache (233ms)
			ReleaseScriptCaches (0ms)
			RebuildScriptCaches (21ms)
			SetupLoadedEditorAssemblies (143ms)
				LogAssemblyErrors (0ms)
				InitializePlatformSupportModulesInManaged (4ms)
				SetLoadedEditorAssemblies (0ms)
				RefreshPlugins (40ms)
				BeforeProcessingInitializeOnLoad (6ms)
				ProcessInitializeOnLoadAttributes (65ms)
				ProcessInitializeOnLoadMethodAttributes (27ms)
				AfterProcessingInitializeOnLoad (0ms)
				EditorAssembliesLoaded (0ms)
			ExecutionOrderSort2 (0ms)
			AwakeInstancesAfterBackupRestoration (0ms)
Platform modules already initialized, skipping
Registering precompiled user dll's ...
Registered in 0.001984 seconds.
Begin MonoManager ReloadAssembly
Symbol file LoadedFromMemory doesn't match image D:\Universidad\UNRAF\2023\TDJ4\HorrorSuspenseTDJ4\Proyecto TDJ\Horror Game\Library\PackageCache\com.unity.collab-proxy@1.15.15\Lib\Editor\PlasticSCM\unityplastic.dll
Native extension for WindowsStandalone target not found
Native extension for WebGL target not found
Refreshing native plugins compatible for Editor in 0.53 ms, found 2 plugins.
Preloading 0 native plugins for Editor in 0.00 ms.
Mono: successfully reloaded assembly
- Completed reload, in  0.767 seconds
Domain Reload Profiling:
	ReloadAssembly (773ms)
		BeginReloadAssembly (105ms)
			ExecutionOrderSort (0ms)
			DisableScriptedObjects (3ms)
			BackupInstance (0ms)
			ReleaseScriptingObjects (0ms)
			CreateAndSetChildDomain (17ms)
		EndReloadAssembly (625ms)
			LoadAssemblies (68ms)
			RebuildTransferFunctionScriptingTraits (0ms)
			SetupTypeCache (180ms)
			ReleaseScriptCaches (0ms)
			RebuildScriptCaches (30ms)
			SetupLoadedEditorAssemblies (290ms)
				LogAssemblyErrors (0ms)
				InitializePlatformSupportModulesInManaged (5ms)
				SetLoadedEditorAssemblies (0ms)
				RefreshPlugins (1ms)
				BeforeProcessingInitializeOnLoad (49ms)
				ProcessInitializeOnLoadAttributes (223ms)
				ProcessInitializeOnLoadMethodAttributes (7ms)
				AfterProcessingInitializeOnLoad (5ms)
				EditorAssembliesLoaded (0ms)
			ExecutionOrderSort2 (0ms)
			AwakeInstancesAfterBackupRestoration (5ms)
Platform modules already initialized, skipping
========================================================================
Worker process is ready to serve import requests
Launched and connected shader compiler UnityShaderCompiler.exe after 0.06 seconds
Refreshing native plugins compatible for Editor in 0.53 ms, found 2 plugins.
Preloading 0 native plugins for Editor in 0.00 ms.
Unloading 2024 Unused Serialized files (Serialized files now loaded: 0)
System memory in use before: 97.6 MB.
System memory in use after: 97.7 MB.

Unloading 16 unused Assets to reduce memory usage. Loaded Objects now: 2469.
Total: 2.520900 ms (FindLiveObjects: 0.152000 ms CreateObjectMapping: 0.065600 ms MarkObjects: 2.240000 ms  DeleteObjects: 0.062900 ms)

AssetImportParameters requested are different than current active one (requested -> active):
  custom:framework-win-MediaFoundation: 216162199b28c13a410421893ffa2e32 -> 
  custom:video-decoder-ogg-theora: a1e56fd34408186e4bbccfd4996cb3dc -> 
  custom:container-muxer-webm: aa71ff27fc2769a1b78a27578f13a17b -> 
  custom:container-demuxer-webm: 4f35f7cbe854078d1ac9338744f61a02 -> 
  custom:container-demuxer-ogg: 62fdf1f143b41e24485cea50d1cbac27 -> 
  custom:video-encoder-webm-vp8: eb34c28f22e8b96e1ab97ce403110664 -> 
  custom:video-decoder-webm-vp8: 9c59270c3fd7afecdb556c50c9e8de78 -> 
  custom:audio-decoder-ogg-vorbis: bf7c407c2cedff20999df2af8eb42d56 -> 
  custom:audio-encoder-webm-vorbis: bf7c407c2cedff20999df2af8eb42d56 -> 
========================================================================
Received Import Request.
  path: Assets/Materials/Textures/Panel_005.controller
  artifactKey: Guid(cc59681de3d21f14cb7d04e9002f175b) Importer(815301076,1909f56bfc062723c751e8b465ee728b)
Start importing Assets/Materials/Textures/Panel_005.controller using Guid(cc59681de3d21f14cb7d04e9002f175b) Importer(815301076,1909f56bfc062723c751e8b465ee728b)  -> (artifact id: 'a81a919523eb317670cd693c3d89475c') in 0.051505 seconds 
========================================================================
Received Import Request.
  Time since last request: 47.106498 seconds.
  path: Assets/Script/newdooropen.anim
  artifactKey: Guid(1dcec92dc964ee148999402701f7fbcd) Importer(815301076,1909f56bfc062723c751e8b465ee728b)
Start importing Assets/Script/newdooropen.anim using Guid(1dcec92dc964ee148999402701f7fbcd) Importer(815301076,1909f56bfc062723c751e8b465ee728b)  -> (artifact id: '0ea8b004fef718eb7e90e43edf096a85') in 0.010990 seconds 
========================================================================
Received Import Request.
  Time since last request: 1.776185 seconds.
  path: Assets/Script/newdoorclose.anim
  artifactKey: Guid(135da237103e8f341abc9b56e9f693ed) Importer(815301076,1909f56bfc062723c751e8b465ee728b)
Start importing Assets/Script/newdoorclose.anim using Guid(135da237103e8f341abc9b56e9f693ed) Importer(815301076,1909f56bfc062723c751e8b465ee728b)  -> (artifact id: 'e6f464c2ff0aab2fc49da2b7a677018a') in 0.012079 seconds 
========================================================================
Received Import Request.
  Time since last request: 115.898558 seconds.
  path: Assets/Script/Panel_002.controller
  artifactKey: Guid(95d42f80894edaf41b56eeeb621064c1) Importer(815301076,1909f56bfc062723c751e8b465ee728b)
Start importing Assets/Script/Panel_002.controller using Guid(95d42f80894edaf41b56eeeb621064c1) Importer(815301076,1909f56bfc062723c751e8b465ee728b)  -> (artifact id: '1cb99364961414a625e3a5560c5eb834') in 0.011921 seconds 
========================================================================
Received Import Request.
  Time since last request: 2.084691 seconds.
  path: Assets/Script/opendoor.anim
  artifactKey: Guid(7b4429ecf1be9194ca09e4dad3639ad3) Importer(815301076,1909f56bfc062723c751e8b465ee728b)
Start importing Assets/Script/opendoor.anim using Guid(7b4429ecf1be9194ca09e4dad3639ad3) Importer(815301076,1909f56bfc062723c751e8b465ee728b)  -> (artifact id: '8ff13a7f1a7bb2584d2e987592e43524') in 0.011020 seconds 
========================================================================
Received Import Request.
  Time since last request: 158.176268 seconds.
  path: Assets/Animations/Panel_002.controller
  artifactKey: Guid(af5e6a91ac04b8445b5862b4b4c546b7) Importer(815301076,1909f56bfc062723c751e8b465ee728b)
Start importing Assets/Animations/Panel_002.controller using Guid(af5e6a91ac04b8445b5862b4b4c546b7) Importer(815301076,1909f56bfc062723c751e8b465ee728b)  -> (artifact id: '9fd73693e482d436d0f101c74338fe85') in 0.001977 seconds 
========================================================================
Received Import Request.
  Time since last request: 8.686435 seconds.
  path: Assets/Animations/dooropenn1.anim
  artifactKey: Guid(41b50ee2bb15a3d41a8e2ee5e0b04218) Importer(815301076,1909f56bfc062723c751e8b465ee728b)
Start importing Assets/Animations/dooropenn1.anim using Guid(41b50ee2bb15a3d41a8e2ee5e0b04218) Importer(815301076,1909f56bfc062723c751e8b465ee728b)  -> (artifact id: 'e37b2606b79b176d73fc504d898f5e41') in 0.011466 seconds 
========================================================================
Received Import Request.
  Time since last request: 7.442511 seconds.
  path: Assets/Animations/doorClose.anim
  artifactKey: Guid(0d7afd0d131165b419eb8e4fed70f7eb) Importer(815301076,1909f56bfc062723c751e8b465ee728b)
Start importing Assets/Animations/doorClose.anim using Guid(0d7afd0d131165b419eb8e4fed70f7eb) Importer(815301076,1909f56bfc062723c751e8b465ee728b)  -> (artifact id: '887b4e80f31330d17f1c5eb161343718') in 0.021587 seconds 
========================================================================
Received Import Request.
  Time since last request: 0.511752 seconds.
  path: Assets/Animations/doorClose1.anim
  artifactKey: Guid(2bc8662cc502409438e15702ce22b83c) Importer(815301076,1909f56bfc062723c751e8b465ee728b)
Start importing Assets/Animations/doorClose1.anim using Guid(2bc8662cc502409438e15702ce22b83c) Importer(815301076,1909f56bfc062723c751e8b465ee728b)  -> (artifact id: '19d5fba91ff605471a2a5e3f8fafda9d') in 0.018230 seconds 
========================================================================
Received Import Request.
  Time since last request: 0.602344 seconds.
  path: Assets/Animations/DoorClose3.anim
  artifactKey: Guid(a00a57bd81305ed4fbd44b3d5bad660a) Importer(815301076,1909f56bfc062723c751e8b465ee728b)
Start importing Assets/Animations/DoorClose3.anim using Guid(a00a57bd81305ed4fbd44b3d5bad660a) Importer(815301076,1909f56bfc062723c751e8b465ee728b)  -> (artifact id: 'ef9c6cdb4a71d5c1173124779213869d') in 0.018322 seconds 
========================================================================
Received Import Request.
  Time since last request: 5.809911 seconds.
  path: Assets/Animations/doorclosed1.anim
  artifactKey: Guid(d05cf8128d1564c4bb59eefee87a07bb) Importer(815301076,1909f56bfc062723c751e8b465ee728b)
Start importing Assets/Animations/doorclosed1.anim using Guid(d05cf8128d1564c4bb59eefee87a07bb) Importer(815301076,1909f56bfc062723c751e8b465ee728b)  -> (artifact id: 'a17761881e429274b8aedfe28a9537ad') in 0.011703 seconds 
========================================================================
Received Import Request.
  Time since last request: 1.961027 seconds.
  path: Assets/Animations/doorOpen.anim
  artifactKey: Guid(adb3d0bbc1b220b4abda2dccbcf90cff) Importer(815301076,1909f56bfc062723c751e8b465ee728b)
Start importing Assets/Animations/doorOpen.anim using Guid(adb3d0bbc1b220b4abda2dccbcf90cff) Importer(815301076,1909f56bfc062723c751e8b465ee728b)  -> (artifact id: 'd624b4f065cb85cea8f252684f4c74c4') in 0.017633 seconds 
========================================================================
Received Import Request.
  Time since last request: 0.585643 seconds.
  path: Assets/Animations/doorOpen1.anim
  artifactKey: Guid(6791b5bc7345a4040a27406f5fe7d422) Importer(815301076,1909f56bfc062723c751e8b465ee728b)
Start importing Assets/Animations/doorOpen1.anim using Guid(6791b5bc7345a4040a27406f5fe7d422) Importer(815301076,1909f56bfc062723c751e8b465ee728b)  -> (artifact id: '6202b508c0eaeed1ba3eff39061e3f67') in 0.017693 seconds 
========================================================================
Received Import Request.
  Time since last request: 0.417413 seconds.
  path: Assets/Animations/doorOpen2.anim
  artifactKey: Guid(df4c81d21a1aca041bf0f260b5a66860) Importer(815301076,1909f56bfc062723c751e8b465ee728b)
Start importing Assets/Animations/doorOpen2.anim using Guid(df4c81d21a1aca041bf0f260b5a66860) Importer(815301076,1909f56bfc062723c751e8b465ee728b)  -> (artifact id: '471c7e4a2aab6c7914a7baea94df6cdd') in 0.017789 seconds 
========================================================================
Received Prepare
Registering precompiled user dll's ...
Registered in 0.001943 seconds.
Begin MonoManager ReloadAssembly
Symbol file LoadedFromMemory doesn't match image D:\Universidad\UNRAF\2023\TDJ4\HorrorSuspenseTDJ4\Proyecto TDJ\Horror Game\Library\PackageCache\com.unity.collab-proxy@1.15.15\Lib\Editor\PlasticSCM\unityplastic.dll
Native extension for WindowsStandalone target not found
Native extension for WebGL target not found
Refreshing native plugins compatible for Editor in 0.86 ms, found 2 plugins.
Preloading 0 native plugins for Editor in 0.00 ms.
Mono: successfully reloaded assembly
- Completed reload, in  0.835 seconds
Domain Reload Profiling:
	ReloadAssembly (835ms)
		BeginReloadAssembly (117ms)
			ExecutionOrderSort (0ms)
			DisableScriptedObjects (3ms)
			BackupInstance (0ms)
			ReleaseScriptingObjects (0ms)
			CreateAndSetChildDomain (33ms)
		EndReloadAssembly (665ms)
			LoadAssemblies (95ms)
			RebuildTransferFunctionScriptingTraits (0ms)
			SetupTypeCache (214ms)
			ReleaseScriptCaches (1ms)
			RebuildScriptCaches (29ms)
			SetupLoadedEditorAssemblies (274ms)
				LogAssemblyErrors (0ms)
				InitializePlatformSupportModulesInManaged (5ms)
				SetLoadedEditorAssemblies (1ms)
				RefreshPlugins (1ms)
				BeforeProcessingInitializeOnLoad (55ms)
				ProcessInitializeOnLoadAttributes (199ms)
				ProcessInitializeOnLoadMethodAttributes (8ms)
				AfterProcessingInitializeOnLoad (6ms)
				EditorAssembliesLoaded (0ms)
			ExecutionOrderSort2 (0ms)
			AwakeInstancesAfterBackupRestoration (6ms)
Platform modules already initialized, skipping
Refreshing native plugins compatible for Editor in 0.58 ms, found 2 plugins.
Preloading 0 native plugins for Editor in 0.00 ms.
Unloading 1955 Unused Serialized files (Serialized files now loaded: 0)
System memory in use before: 91.2 MB.
System memory in use after: 91.4 MB.

Unloading 11 unused Assets to reduce memory usage. Loaded Objects now: 2472.
Total: 3.952200 ms (FindLiveObjects: 0.202500 ms CreateObjectMapping: 0.076300 ms MarkObjects: 3.638500 ms  DeleteObjects: 0.033900 ms)

AssetImportParameters requested are different than current active one (requested -> active):
  custom:framework-win-MediaFoundation: 216162199b28c13a410421893ffa2e32 -> 
  custom:video-decoder-ogg-theora: a1e56fd34408186e4bbccfd4996cb3dc -> 
  custom:container-muxer-webm: aa71ff27fc2769a1b78a27578f13a17b -> 
  custom:container-demuxer-webm: 4f35f7cbe854078d1ac9338744f61a02 -> 
  custom:container-demuxer-ogg: 62fdf1f143b41e24485cea50d1cbac27 -> 
  custom:video-encoder-webm-vp8: eb34c28f22e8b96e1ab97ce403110664 -> 
  custom:video-decoder-webm-vp8: 9c59270c3fd7afecdb556c50c9e8de78 -> 
  custom:audio-decoder-ogg-vorbis: bf7c407c2cedff20999df2af8eb42d56 -> 
  custom:audio-encoder-webm-vorbis: bf7c407c2cedff20999df2af8eb42d56 -> 
========================================================================
Received Prepare
Registering precompiled user dll's ...
Registered in 0.001615 seconds.
Begin MonoManager ReloadAssembly
Symbol file LoadedFromMemory doesn't match image D:\Universidad\UNRAF\2023\TDJ4\HorrorSuspenseTDJ4\Proyecto TDJ\Horror Game\Library\PackageCache\com.unity.collab-proxy@1.15.15\Lib\Editor\PlasticSCM\unityplastic.dll
Native extension for WindowsStandalone target not found
Native extension for WebGL target not found
Refreshing native plugins compatible for Editor in 0.54 ms, found 2 plugins.
Preloading 0 native plugins for Editor in 0.00 ms.
Mono: successfully reloaded assembly
- Completed reload, in  0.691 seconds
Domain Reload Profiling:
	ReloadAssembly (691ms)
		BeginReloadAssembly (99ms)
			ExecutionOrderSort (0ms)
			DisableScriptedObjects (4ms)
			BackupInstance (0ms)
			ReleaseScriptingObjects (0ms)
			CreateAndSetChildDomain (26ms)
		EndReloadAssembly (549ms)
			LoadAssemblies (76ms)
			RebuildTransferFunctionScriptingTraits (0ms)
			SetupTypeCache (194ms)
			ReleaseScriptCaches (1ms)
			RebuildScriptCaches (27ms)
			SetupLoadedEditorAssemblies (206ms)
				LogAssemblyErrors (0ms)
				InitializePlatformSupportModulesInManaged (4ms)
				SetLoadedEditorAssemblies (0ms)
				RefreshPlugins (1ms)
				BeforeProcessingInitializeOnLoad (41ms)
				ProcessInitializeOnLoadAttributes (149ms)
				ProcessInitializeOnLoadMethodAttributes (6ms)
				AfterProcessingInitializeOnLoad (5ms)
				EditorAssembliesLoaded (0ms)
			ExecutionOrderSort2 (0ms)
			AwakeInstancesAfterBackupRestoration (4ms)
Platform modules already initialized, skipping
Refreshing native plugins compatible for Editor in 0.53 ms, found 2 plugins.
Preloading 0 native plugins for Editor in 0.00 ms.
Unloading 1955 Unused Serialized files (Serialized files now loaded: 0)
System memory in use before: 91.3 MB.
System memory in use after: 91.4 MB.

Unloading 11 unused Assets to reduce memory usage. Loaded Objects now: 2475.
Total: 2.512300 ms (FindLiveObjects: 0.147200 ms CreateObjectMapping: 0.064900 ms MarkObjects: 2.279600 ms  DeleteObjects: 0.019900 ms)

AssetImportParameters requested are different than current active one (requested -> active):
  custom:framework-win-MediaFoundation: 216162199b28c13a410421893ffa2e32 -> 
  custom:video-decoder-ogg-theora: a1e56fd34408186e4bbccfd4996cb3dc -> 
  custom:container-muxer-webm: aa71ff27fc2769a1b78a27578f13a17b -> 
  custom:container-demuxer-webm: 4f35f7cbe854078d1ac9338744f61a02 -> 
  custom:container-demuxer-ogg: 62fdf1f143b41e24485cea50d1cbac27 -> 
  custom:video-encoder-webm-vp8: eb34c28f22e8b96e1ab97ce403110664 -> 
  custom:video-decoder-webm-vp8: 9c59270c3fd7afecdb556c50c9e8de78 -> 
  custom:audio-decoder-ogg-vorbis: bf7c407c2cedff20999df2af8eb42d56 -> 
  custom:audio-encoder-webm-vorbis: bf7c407c2cedff20999df2af8eb42d56 -> 
========================================================================
Received Prepare
Registering precompiled user dll's ...
Registered in 0.001684 seconds.
Begin MonoManager ReloadAssembly
Symbol file LoadedFromMemory doesn't match image D:\Universidad\UNRAF\2023\TDJ4\HorrorSuspenseTDJ4\Proyecto TDJ\Horror Game\Library\PackageCache\com.unity.collab-proxy@1.15.15\Lib\Editor\PlasticSCM\unityplastic.dll
Native extension for WindowsStandalone target not found
Native extension for WebGL target not found
Refreshing native plugins compatible for Editor in 0.53 ms, found 2 plugins.
Preloading 0 native plugins for Editor in 0.00 ms.
Mono: successfully reloaded assembly
- Completed reload, in  0.685 seconds
Domain Reload Profiling:
	ReloadAssembly (686ms)
		BeginReloadAssembly (95ms)
			ExecutionOrderSort (0ms)
			DisableScriptedObjects (4ms)
			BackupInstance (0ms)
			ReleaseScriptingObjects (0ms)
			CreateAndSetChildDomain (27ms)
		EndReloadAssembly (547ms)
			LoadAssemblies (70ms)
			RebuildTransferFunctionScriptingTraits (0ms)
			SetupTypeCache (193ms)
			ReleaseScriptCaches (1ms)
			RebuildScriptCaches (27ms)
			SetupLoadedEditorAssemblies (202ms)
				LogAssemblyErrors (0ms)
				InitializePlatformSupportModulesInManaged (4ms)
				SetLoadedEditorAssemblies (0ms)
				RefreshPlugins (1ms)
				BeforeProcessingInitializeOnLoad (41ms)
				ProcessInitializeOnLoadAttributes (146ms)
				ProcessInitializeOnLoadMethodAttributes (6ms)
				AfterProcessingInitializeOnLoad (5ms)
				EditorAssembliesLoaded (0ms)
			ExecutionOrderSort2 (0ms)
			AwakeInstancesAfterBackupRestoration (5ms)
Platform modules already initialized, skipping
Refreshing native plugins compatible for Editor in 0.54 ms, found 2 plugins.
Preloading 0 native plugins for Editor in 0.00 ms.
Unloading 1955 Unused Serialized files (Serialized files now loaded: 0)
System memory in use before: 91.3 MB.
System memory in use after: 91.4 MB.

Unloading 11 unused Assets to reduce memory usage. Loaded Objects now: 2478.
Total: 2.573100 ms (FindLiveObjects: 0.163700 ms CreateObjectMapping: 0.088100 ms MarkObjects: 2.300500 ms  DeleteObjects: 0.019900 ms)

AssetImportParameters requested are different than current active one (requested -> active):
  custom:framework-win-MediaFoundation: 216162199b28c13a410421893ffa2e32 -> 
  custom:video-decoder-ogg-theora: a1e56fd34408186e4bbccfd4996cb3dc -> 
  custom:container-muxer-webm: aa71ff27fc2769a1b78a27578f13a17b -> 
  custom:container-demuxer-webm: 4f35f7cbe854078d1ac9338744f61a02 -> 
  custom:container-demuxer-ogg: 62fdf1f143b41e24485cea50d1cbac27 -> 
  custom:video-encoder-webm-vp8: eb34c28f22e8b96e1ab97ce403110664 -> 
  custom:video-decoder-webm-vp8: 9c59270c3fd7afecdb556c50c9e8de78 -> 
  custom:audio-decoder-ogg-vorbis: bf7c407c2cedff20999df2af8eb42d56 -> 
  custom:audio-encoder-webm-vorbis: bf7c407c2cedff20999df2af8eb42d56 -> 
========================================================================
Received Prepare
Registering precompiled user dll's ...
Registered in 0.001630 seconds.
Begin MonoManager ReloadAssembly
Symbol file LoadedFromMemory doesn't match image D:\Universidad\UNRAF\2023\TDJ4\HorrorSuspenseTDJ4\Proyecto TDJ\Horror Game\Library\PackageCache\com.unity.collab-proxy@1.15.15\Lib\Editor\PlasticSCM\unityplastic.dll
Native extension for WindowsStandalone target not found
Native extension for WebGL target not found
Refreshing native plugins compatible for Editor in 0.55 ms, found 2 plugins.
Preloading 0 native plugins for Editor in 0.00 ms.
Mono: successfully reloaded assembly
- Completed reload, in  0.670 seconds
Domain Reload Profiling:
	ReloadAssembly (671ms)
		BeginReloadAssembly (94ms)
			ExecutionOrderSort (0ms)
			DisableScriptedObjects (3ms)
			BackupInstance (0ms)
			ReleaseScriptingObjects (0ms)
			CreateAndSetChildDomain (27ms)
		EndReloadAssembly (532ms)
			LoadAssemblies (72ms)
			RebuildTransferFunctionScriptingTraits (0ms)
			SetupTypeCache (180ms)
			ReleaseScriptCaches (1ms)
			RebuildScriptCaches (25ms)
			SetupLoadedEditorAssemblies (206ms)
				LogAssemblyErrors (0ms)
				InitializePlatformSupportModulesInManaged (4ms)
				SetLoadedEditorAssemblies (0ms)
				RefreshPlugins (1ms)
				BeforeProcessingInitializeOnLoad (41ms)
				ProcessInitializeOnLoadAttributes (149ms)
				ProcessInitializeOnLoadMethodAttributes (6ms)
				AfterProcessingInitializeOnLoad (5ms)
				EditorAssembliesLoaded (0ms)
			ExecutionOrderSort2 (0ms)
			AwakeInstancesAfterBackupRestoration (5ms)
Platform modules already initialized, skipping
Refreshing native plugins compatible for Editor in 0.53 ms, found 2 plugins.
Preloading 0 native plugins for Editor in 0.00 ms.
Unloading 1955 Unused Serialized files (Serialized files now loaded: 0)
System memory in use before: 91.3 MB.
System memory in use after: 91.4 MB.

Unloading 11 unused Assets to reduce memory usage. Loaded Objects now: 2481.
Total: 2.594900 ms (FindLiveObjects: 0.153900 ms CreateObjectMapping: 0.071100 ms MarkObjects: 2.346600 ms  DeleteObjects: 0.022600 ms)

AssetImportParameters requested are different than current active one (requested -> active):
  custom:framework-win-MediaFoundation: 216162199b28c13a410421893ffa2e32 -> 
  custom:video-decoder-ogg-theora: a1e56fd34408186e4bbccfd4996cb3dc -> 
  custom:container-muxer-webm: aa71ff27fc2769a1b78a27578f13a17b -> 
  custom:container-demuxer-webm: 4f35f7cbe854078d1ac9338744f61a02 -> 
  custom:container-demuxer-ogg: 62fdf1f143b41e24485cea50d1cbac27 -> 
  custom:video-encoder-webm-vp8: eb34c28f22e8b96e1ab97ce403110664 -> 
  custom:video-decoder-webm-vp8: 9c59270c3fd7afecdb556c50c9e8de78 -> 
  custom:audio-decoder-ogg-vorbis: bf7c407c2cedff20999df2af8eb42d56 -> 
  custom:audio-encoder-webm-vorbis: bf7c407c2cedff20999df2af8eb42d56 -> 
AssetImportWorkerClient::OnTransportError - code=2 error=End of file
