Using pre-set license
Built from '2020.3/staging' branch; Version is '2020.3.33f1 (915a7af8b0d5) revision 9525882'; Using compiler version '192528614'; Build Type 'Release'
OS: 'Windows 10  (10.0.19045) 64bit Professional' Language: 'es' Physical Memory: 14131 MB
BatchMode: 1, IsHumanControllingUs: 0, StartBugReporterOnCrash: 0, Is64bit: 1, IsPro: 0

COMMAND LINE ARGUMENTS:
C:\Program Files\Unity\Hub\Editor\2020.3.33f1\Editor\Unity.exe
-adb2
-batchMode
-noUpm
-name
AssetImportWorker0
-projectPath
D:/Universidad/UNRAF/2023/TDJ4/HorrorSuspenseTDJ4/Proyecto TDJ/Horror Game
-logFile
Logs/AssetImportWorker0.log
-srvPort
61567
Successfully changed project path to: D:/Universidad/UNRAF/2023/TDJ4/HorrorSuspenseTDJ4/Proyecto TDJ/Horror Game
D:/Universidad/UNRAF/2023/TDJ4/HorrorSuspenseTDJ4/Proyecto TDJ/Horror Game
Using Asset Import Pipeline V2.
Refreshing native plugins compatible for Editor in 44.77 ms, found 2 plugins.
Preloading 0 native plugins for Editor in 0.00 ms.
Initialize engine version: 2020.3.33f1 (915a7af8b0d5)
[Subsystems] Discovering subsystems at path C:/Program Files/Unity/Hub/Editor/2020.3.33f1/Editor/Data/Resources/UnitySubsystems
[Subsystems] Discovering subsystems at path D:/Universidad/UNRAF/2023/TDJ4/HorrorSuspenseTDJ4/Proyecto TDJ/Horror Game/Assets
GfxDevice: creating device client; threaded=0
Direct3D:
    Version:  Direct3D 11.0 [level 11.1]
    Renderer: AMD Radeon(TM) Graphics (ID=0x1638)
    Vendor:   
    VRAM:     7065 MB
    Driver:   31.0.21910.5
Initialize mono
Mono path[0] = 'C:/Program Files/Unity/Hub/Editor/2020.3.33f1/Editor/Data/Managed'
Mono path[1] = 'C:/Program Files/Unity/Hub/Editor/2020.3.33f1/Editor/Data/MonoBleedingEdge/lib/mono/unityjit'
Mono config path = 'C:/Program Files/Unity/Hub/Editor/2020.3.33f1/Editor/Data/MonoBleedingEdge/etc'
Using monoOptions --debugger-agent=transport=dt_socket,embedding=1,server=y,suspend=n,address=127.0.0.1:56256
Begin MonoManager ReloadAssembly
Registering precompiled unity dll's ...
Register platform support module: C:/Program Files/Unity/Hub/Editor/2020.3.33f1/Editor/Data/PlaybackEngines/WebGLSupport/UnityEditor.WebGL.Extensions.dll
Register platform support module: C:/Program Files/Unity/Hub/Editor/2020.3.33f1/Editor/Data/PlaybackEngines/WindowsStandaloneSupport/UnityEditor.WindowsStandalone.Extensions.dll
Registered in 0.002419 seconds.
Native extension for WindowsStandalone target not found
Native extension for WebGL target not found
Refreshing native plugins compatible for Editor in 41.59 ms, found 2 plugins.
Preloading 0 native plugins for Editor in 0.00 ms.
Mono: successfully reloaded assembly
- Completed reload, in  0.433 seconds
Domain Reload Profiling:
	ReloadAssembly (433ms)
		BeginReloadAssembly (51ms)
			ExecutionOrderSort (0ms)
			DisableScriptedObjects (0ms)
			BackupInstance (0ms)
			ReleaseScriptingObjects (0ms)
			CreateAndSetChildDomain (1ms)
		EndReloadAssembly (328ms)
			LoadAssemblies (49ms)
			RebuildTransferFunctionScriptingTraits (0ms)
			SetupTypeCache (95ms)
			ReleaseScriptCaches (0ms)
			RebuildScriptCaches (19ms)
			SetupLoadedEditorAssemblies (133ms)
				LogAssemblyErrors (0ms)
				InitializePlatformSupportModulesInManaged (4ms)
				SetLoadedEditorAssemblies (0ms)
				RefreshPlugins (42ms)
				BeforeProcessingInitializeOnLoad (6ms)
				ProcessInitializeOnLoadAttributes (60ms)
				ProcessInitializeOnLoadMethodAttributes (20ms)
				AfterProcessingInitializeOnLoad (0ms)
				EditorAssembliesLoaded (0ms)
			ExecutionOrderSort2 (0ms)
			AwakeInstancesAfterBackupRestoration (0ms)
Platform modules already initialized, skipping
Registering precompiled user dll's ...
Registered in 0.002036 seconds.
Begin MonoManager ReloadAssembly
Symbol file LoadedFromMemory doesn't match image D:\Universidad\UNRAF\2023\TDJ4\HorrorSuspenseTDJ4\Proyecto TDJ\Horror Game\Library\PackageCache\com.unity.collab-proxy@1.15.15\Lib\Editor\PlasticSCM\unityplastic.dll
Native extension for WindowsStandalone target not found
Native extension for WebGL target not found
Refreshing native plugins compatible for Editor in 0.80 ms, found 2 plugins.
Preloading 0 native plugins for Editor in 0.00 ms.
Mono: successfully reloaded assembly
- Completed reload, in  0.756 seconds
Domain Reload Profiling:
	ReloadAssembly (756ms)
		BeginReloadAssembly (112ms)
			ExecutionOrderSort (0ms)
			DisableScriptedObjects (3ms)
			BackupInstance (0ms)
			ReleaseScriptingObjects (0ms)
			CreateAndSetChildDomain (16ms)
		EndReloadAssembly (596ms)
			LoadAssemblies (80ms)
			RebuildTransferFunctionScriptingTraits (0ms)
			SetupTypeCache (193ms)
			ReleaseScriptCaches (0ms)
			RebuildScriptCaches (31ms)
			SetupLoadedEditorAssemblies (243ms)
				LogAssemblyErrors (0ms)
				InitializePlatformSupportModulesInManaged (5ms)
				SetLoadedEditorAssemblies (0ms)
				RefreshPlugins (1ms)
				BeforeProcessingInitializeOnLoad (52ms)
				ProcessInitializeOnLoadAttributes (172ms)
				ProcessInitializeOnLoadMethodAttributes (7ms)
				AfterProcessingInitializeOnLoad (7ms)
				EditorAssembliesLoaded (0ms)
			ExecutionOrderSort2 (0ms)
			AwakeInstancesAfterBackupRestoration (5ms)
Platform modules already initialized, skipping
========================================================================
Worker process is ready to serve import requests
Launched and connected shader compiler UnityShaderCompiler.exe after 0.04 seconds
Refreshing native plugins compatible for Editor in 0.56 ms, found 2 plugins.
Preloading 0 native plugins for Editor in 0.00 ms.
Unloading 2041 Unused Serialized files (Serialized files now loaded: 0)
System memory in use before: 101.6 MB.
System memory in use after: 101.6 MB.

Unloading 16 unused Assets to reduce memory usage. Loaded Objects now: 2487.
Total: 2.358800 ms (FindLiveObjects: 0.110000 ms CreateObjectMapping: 0.041500 ms MarkObjects: 2.133200 ms  DeleteObjects: 0.073400 ms)

AssetImportParameters requested are different than current active one (requested -> active):
  custom:framework-win-MediaFoundation: 216162199b28c13a410421893ffa2e32 -> 
  custom:video-decoder-ogg-theora: a1e56fd34408186e4bbccfd4996cb3dc -> 
  custom:container-muxer-webm: aa71ff27fc2769a1b78a27578f13a17b -> 
  custom:container-demuxer-webm: 4f35f7cbe854078d1ac9338744f61a02 -> 
  custom:container-demuxer-ogg: 62fdf1f143b41e24485cea50d1cbac27 -> 
  custom:video-encoder-webm-vp8: eb34c28f22e8b96e1ab97ce403110664 -> 
  custom:video-decoder-webm-vp8: 9c59270c3fd7afecdb556c50c9e8de78 -> 
  custom:audio-decoder-ogg-vorbis: bf7c407c2cedff20999df2af8eb42d56 -> 
  custom:audio-encoder-webm-vorbis: bf7c407c2cedff20999df2af8eb42d56 -> 
========================================================================
Received Import Request.
  path: Assets/Scenes/SceneCutScene.unity
  artifactKey: Guid(2ece28c5875b3154fbd77b08703ebabe) Importer(815301076,1909f56bfc062723c751e8b465ee728b)
Start importing Assets/Scenes/SceneCutScene.unity using Guid(2ece28c5875b3154fbd77b08703ebabe) Importer(815301076,1909f56bfc062723c751e8b465ee728b)  -> (artifact id: '152f6df7f09d2a7636aca8947abc93df') in 0.011107 seconds 
========================================================================
Received Import Request.
  Time since last request: 0.000149 seconds.
  path: Assets/Scenes/SceneCutScene2.unity
  artifactKey: Guid(1150c7a54057d0944b5b4e34f54aed2e) Importer(815301076,1909f56bfc062723c751e8b465ee728b)
Start importing Assets/Scenes/SceneCutScene2.unity using Guid(1150c7a54057d0944b5b4e34f54aed2e) Importer(815301076,1909f56bfc062723c751e8b465ee728b)  -> (artifact id: 'a279c6062a61af0989d07e2d383b5cda') in 0.007562 seconds 
========================================================================
Received Import Request.
  Time since last request: 0.626065 seconds.
  path: Assets/Scenes/Partida2.unity
  artifactKey: Guid(9fc0d4010bbf28b4594072e72b8655ab) Importer(815301076,1909f56bfc062723c751e8b465ee728b)
Start importing Assets/Scenes/Partida2.unity using Guid(9fc0d4010bbf28b4594072e72b8655ab) Importer(815301076,1909f56bfc062723c751e8b465ee728b)  -> (artifact id: 'd93285a5c1325386ea45c8c168e94966') in 0.010605 seconds 
========================================================================
Received Import Request.
  Time since last request: 4.345168 seconds.
  path: Assets/Scenes/Final.unity
  artifactKey: Guid(88ee88da6af4a9f4480c7b98e4a7dc2a) Importer(815301076,1909f56bfc062723c751e8b465ee728b)
Start importing Assets/Scenes/Final.unity using Guid(88ee88da6af4a9f4480c7b98e4a7dc2a) Importer(815301076,1909f56bfc062723c751e8b465ee728b)  -> (artifact id: 'd4f0699429280292f503bc82660a3a94') in 0.010947 seconds 
========================================================================
Received Import Request.
  Time since last request: 115.882319 seconds.
  path: Assets/typewriterUI.cs
  artifactKey: Guid(98be2096b200a9a44a1d12ac78ad3f55) Importer(815301076,1909f56bfc062723c751e8b465ee728b)
Start importing Assets/typewriterUI.cs using Guid(98be2096b200a9a44a1d12ac78ad3f55) Importer(815301076,1909f56bfc062723c751e8b465ee728b)  -> (artifact id: '295f311d0143d940fbbca3ce7e736eca') in 0.037143 seconds 
========================================================================
Received Prepare
Registering precompiled user dll's ...
Registered in 0.002004 seconds.
Begin MonoManager ReloadAssembly
Symbol file LoadedFromMemory doesn't match image D:\Universidad\UNRAF\2023\TDJ4\HorrorSuspenseTDJ4\Proyecto TDJ\Horror Game\Library\PackageCache\com.unity.collab-proxy@1.15.15\Lib\Editor\PlasticSCM\unityplastic.dll
Native extension for WindowsStandalone target not found
Native extension for WebGL target not found
Refreshing native plugins compatible for Editor in 0.58 ms, found 2 plugins.
Preloading 0 native plugins for Editor in 0.00 ms.
Mono: successfully reloaded assembly
- Completed reload, in  0.736 seconds
Domain Reload Profiling:
	ReloadAssembly (737ms)
		BeginReloadAssembly (106ms)
			ExecutionOrderSort (0ms)
			DisableScriptedObjects (3ms)
			BackupInstance (0ms)
			ReleaseScriptingObjects (0ms)
			CreateAndSetChildDomain (29ms)
		EndReloadAssembly (582ms)
			LoadAssemblies (80ms)
			RebuildTransferFunctionScriptingTraits (0ms)
			SetupTypeCache (193ms)
			ReleaseScriptCaches (1ms)
			RebuildScriptCaches (27ms)
			SetupLoadedEditorAssemblies (233ms)
				LogAssemblyErrors (0ms)
				InitializePlatformSupportModulesInManaged (4ms)
				SetLoadedEditorAssemblies (0ms)
				RefreshPlugins (1ms)
				BeforeProcessingInitializeOnLoad (52ms)
				ProcessInitializeOnLoadAttributes (163ms)
				ProcessInitializeOnLoadMethodAttributes (6ms)
				AfterProcessingInitializeOnLoad (7ms)
				EditorAssembliesLoaded (0ms)
			ExecutionOrderSort2 (0ms)
			AwakeInstancesAfterBackupRestoration (5ms)
Platform modules already initialized, skipping
Refreshing native plugins compatible for Editor in 0.59 ms, found 2 plugins.
Preloading 0 native plugins for Editor in 0.00 ms.
Unloading 1973 Unused Serialized files (Serialized files now loaded: 0)
System memory in use before: 95.2 MB.
System memory in use after: 95.3 MB.

Unloading 11 unused Assets to reduce memory usage. Loaded Objects now: 2491.
Total: 4.130800 ms (FindLiveObjects: 0.244600 ms CreateObjectMapping: 0.048300 ms MarkObjects: 3.802300 ms  DeleteObjects: 0.034600 ms)

AssetImportParameters requested are different than current active one (requested -> active):
  custom:framework-win-MediaFoundation: 216162199b28c13a410421893ffa2e32 -> 
  custom:video-decoder-ogg-theora: a1e56fd34408186e4bbccfd4996cb3dc -> 
  custom:container-muxer-webm: aa71ff27fc2769a1b78a27578f13a17b -> 
  custom:container-demuxer-webm: 4f35f7cbe854078d1ac9338744f61a02 -> 
  custom:container-demuxer-ogg: 62fdf1f143b41e24485cea50d1cbac27 -> 
  custom:video-encoder-webm-vp8: eb34c28f22e8b96e1ab97ce403110664 -> 
  custom:video-decoder-webm-vp8: 9c59270c3fd7afecdb556c50c9e8de78 -> 
  custom:audio-decoder-ogg-vorbis: bf7c407c2cedff20999df2af8eb42d56 -> 
  custom:audio-encoder-webm-vorbis: bf7c407c2cedff20999df2af8eb42d56 -> 
========================================================================
Received Prepare
Registering precompiled user dll's ...
Registered in 0.002064 seconds.
Begin MonoManager ReloadAssembly
Symbol file LoadedFromMemory doesn't match image D:\Universidad\UNRAF\2023\TDJ4\HorrorSuspenseTDJ4\Proyecto TDJ\Horror Game\Library\PackageCache\com.unity.collab-proxy@1.15.15\Lib\Editor\PlasticSCM\unityplastic.dll
Native extension for WindowsStandalone target not found
Native extension for WebGL target not found
Refreshing native plugins compatible for Editor in 0.62 ms, found 2 plugins.
Preloading 0 native plugins for Editor in 0.00 ms.
Mono: successfully reloaded assembly
- Completed reload, in  0.730 seconds
Domain Reload Profiling:
	ReloadAssembly (731ms)
		BeginReloadAssembly (101ms)
			ExecutionOrderSort (0ms)
			DisableScriptedObjects (3ms)
			BackupInstance (0ms)
			ReleaseScriptingObjects (0ms)
			CreateAndSetChildDomain (30ms)
		EndReloadAssembly (575ms)
			LoadAssemblies (77ms)
			RebuildTransferFunctionScriptingTraits (0ms)
			SetupTypeCache (189ms)
			ReleaseScriptCaches (1ms)
			RebuildScriptCaches (26ms)
			SetupLoadedEditorAssemblies (224ms)
				LogAssemblyErrors (0ms)
				InitializePlatformSupportModulesInManaged (4ms)
				SetLoadedEditorAssemblies (0ms)
				RefreshPlugins (1ms)
				BeforeProcessingInitializeOnLoad (45ms)
				ProcessInitializeOnLoadAttributes (159ms)
				ProcessInitializeOnLoadMethodAttributes (7ms)
				AfterProcessingInitializeOnLoad (7ms)
				EditorAssembliesLoaded (0ms)
			ExecutionOrderSort2 (0ms)
			AwakeInstancesAfterBackupRestoration (6ms)
Platform modules already initialized, skipping
Refreshing native plugins compatible for Editor in 0.61 ms, found 2 plugins.
Preloading 0 native plugins for Editor in 0.00 ms.
Unloading 1973 Unused Serialized files (Serialized files now loaded: 0)
System memory in use before: 95.2 MB.
System memory in use after: 95.3 MB.

Unloading 11 unused Assets to reduce memory usage. Loaded Objects now: 2494.
Total: 2.310800 ms (FindLiveObjects: 0.150000 ms CreateObjectMapping: 0.040400 ms MarkObjects: 2.096000 ms  DeleteObjects: 0.023700 ms)

AssetImportParameters requested are different than current active one (requested -> active):
  custom:framework-win-MediaFoundation: 216162199b28c13a410421893ffa2e32 -> 
  custom:video-decoder-ogg-theora: a1e56fd34408186e4bbccfd4996cb3dc -> 
  custom:container-muxer-webm: aa71ff27fc2769a1b78a27578f13a17b -> 
  custom:container-demuxer-webm: 4f35f7cbe854078d1ac9338744f61a02 -> 
  custom:container-demuxer-ogg: 62fdf1f143b41e24485cea50d1cbac27 -> 
  custom:video-encoder-webm-vp8: eb34c28f22e8b96e1ab97ce403110664 -> 
  custom:video-decoder-webm-vp8: 9c59270c3fd7afecdb556c50c9e8de78 -> 
  custom:audio-decoder-ogg-vorbis: bf7c407c2cedff20999df2af8eb42d56 -> 
  custom:audio-encoder-webm-vorbis: bf7c407c2cedff20999df2af8eb42d56 -> 
========================================================================
Received Import Request.
  Time since last request: 150.773690 seconds.
  path: Assets/typewriterUI.cs
  artifactKey: Guid(98be2096b200a9a44a1d12ac78ad3f55) Importer(815301076,1909f56bfc062723c751e8b465ee728b)
Start importing Assets/typewriterUI.cs using Guid(98be2096b200a9a44a1d12ac78ad3f55) Importer(815301076,1909f56bfc062723c751e8b465ee728b)  -> (artifact id: '3b65d0b150cb7627f0c8a4370669374c') in 0.005583 seconds 
========================================================================
Received Prepare
Registering precompiled user dll's ...
Registered in 0.002092 seconds.
Begin MonoManager ReloadAssembly
Symbol file LoadedFromMemory doesn't match image D:\Universidad\UNRAF\2023\TDJ4\HorrorSuspenseTDJ4\Proyecto TDJ\Horror Game\Library\PackageCache\com.unity.collab-proxy@1.15.15\Lib\Editor\PlasticSCM\unityplastic.dll
Native extension for WindowsStandalone target not found
Native extension for WebGL target not found
Refreshing native plugins compatible for Editor in 0.60 ms, found 2 plugins.
Preloading 0 native plugins for Editor in 0.00 ms.
Mono: successfully reloaded assembly
- Completed reload, in  0.701 seconds
Domain Reload Profiling:
	ReloadAssembly (701ms)
		BeginReloadAssembly (99ms)
			ExecutionOrderSort (0ms)
			DisableScriptedObjects (3ms)
			BackupInstance (0ms)
			ReleaseScriptingObjects (0ms)
			CreateAndSetChildDomain (27ms)
		EndReloadAssembly (548ms)
			LoadAssemblies (80ms)
			RebuildTransferFunctionScriptingTraits (0ms)
			SetupTypeCache (181ms)
			ReleaseScriptCaches (1ms)
			RebuildScriptCaches (25ms)
			SetupLoadedEditorAssemblies (213ms)
				LogAssemblyErrors (0ms)
				InitializePlatformSupportModulesInManaged (4ms)
				SetLoadedEditorAssemblies (0ms)
				RefreshPlugins (1ms)
				BeforeProcessingInitializeOnLoad (43ms)
				ProcessInitializeOnLoadAttributes (152ms)
				ProcessInitializeOnLoadMethodAttributes (6ms)
				AfterProcessingInitializeOnLoad (7ms)
				EditorAssembliesLoaded (0ms)
			ExecutionOrderSort2 (0ms)
			AwakeInstancesAfterBackupRestoration (5ms)
Platform modules already initialized, skipping
Refreshing native plugins compatible for Editor in 0.59 ms, found 2 plugins.
Preloading 0 native plugins for Editor in 0.00 ms.
Unloading 1973 Unused Serialized files (Serialized files now loaded: 0)
System memory in use before: 95.3 MB.
System memory in use after: 95.4 MB.

Unloading 11 unused Assets to reduce memory usage. Loaded Objects now: 2497.
Total: 2.498300 ms (FindLiveObjects: 0.147400 ms CreateObjectMapping: 0.064700 ms MarkObjects: 2.265200 ms  DeleteObjects: 0.020500 ms)

AssetImportParameters requested are different than current active one (requested -> active):
  custom:framework-win-MediaFoundation: 216162199b28c13a410421893ffa2e32 -> 
  custom:video-decoder-ogg-theora: a1e56fd34408186e4bbccfd4996cb3dc -> 
  custom:container-muxer-webm: aa71ff27fc2769a1b78a27578f13a17b -> 
  custom:container-demuxer-webm: 4f35f7cbe854078d1ac9338744f61a02 -> 
  custom:container-demuxer-ogg: 62fdf1f143b41e24485cea50d1cbac27 -> 
  custom:video-encoder-webm-vp8: eb34c28f22e8b96e1ab97ce403110664 -> 
  custom:video-decoder-webm-vp8: 9c59270c3fd7afecdb556c50c9e8de78 -> 
  custom:audio-decoder-ogg-vorbis: bf7c407c2cedff20999df2af8eb42d56 -> 
  custom:audio-encoder-webm-vorbis: bf7c407c2cedff20999df2af8eb42d56 -> 
========================================================================
Received Import Request.
  Time since last request: 13.427088 seconds.
  path: Assets/typewriterUI.cs
  artifactKey: Guid(98be2096b200a9a44a1d12ac78ad3f55) Importer(815301076,1909f56bfc062723c751e8b465ee728b)
Start importing Assets/typewriterUI.cs using Guid(98be2096b200a9a44a1d12ac78ad3f55) Importer(815301076,1909f56bfc062723c751e8b465ee728b)  -> (artifact id: '9656ff3b92a93c9ccd5c26324b9b8255') in 0.005456 seconds 
========================================================================
Received Prepare
Registering precompiled user dll's ...
Registered in 0.002681 seconds.
Begin MonoManager ReloadAssembly
Symbol file LoadedFromMemory doesn't match image D:\Universidad\UNRAF\2023\TDJ4\HorrorSuspenseTDJ4\Proyecto TDJ\Horror Game\Library\PackageCache\com.unity.collab-proxy@1.15.15\Lib\Editor\PlasticSCM\unityplastic.dll
Native extension for WindowsStandalone target not found
Native extension for WebGL target not found
Refreshing native plugins compatible for Editor in 0.78 ms, found 2 plugins.
Preloading 0 native plugins for Editor in 0.00 ms.
Mono: successfully reloaded assembly
- Completed reload, in  0.772 seconds
Domain Reload Profiling:
	ReloadAssembly (773ms)
		BeginReloadAssembly (101ms)
			ExecutionOrderSort (0ms)
			DisableScriptedObjects (3ms)
			BackupInstance (0ms)
			ReleaseScriptingObjects (0ms)
			CreateAndSetChildDomain (28ms)
		EndReloadAssembly (622ms)
			LoadAssemblies (78ms)
			RebuildTransferFunctionScriptingTraits (0ms)
			SetupTypeCache (207ms)
			ReleaseScriptCaches (1ms)
			RebuildScriptCaches (30ms)
			SetupLoadedEditorAssemblies (246ms)
				LogAssemblyErrors (0ms)
				InitializePlatformSupportModulesInManaged (5ms)
				SetLoadedEditorAssemblies (0ms)
				RefreshPlugins (1ms)
				BeforeProcessingInitializeOnLoad (49ms)
				ProcessInitializeOnLoadAttributes (176ms)
				ProcessInitializeOnLoadMethodAttributes (7ms)
				AfterProcessingInitializeOnLoad (7ms)
				EditorAssembliesLoaded (0ms)
			ExecutionOrderSort2 (0ms)
			AwakeInstancesAfterBackupRestoration (5ms)
Platform modules already initialized, skipping
Refreshing native plugins compatible for Editor in 0.58 ms, found 2 plugins.
Preloading 0 native plugins for Editor in 0.00 ms.
Unloading 1973 Unused Serialized files (Serialized files now loaded: 0)
System memory in use before: 95.3 MB.
System memory in use after: 95.4 MB.

Unloading 11 unused Assets to reduce memory usage. Loaded Objects now: 2500.
Total: 2.625300 ms (FindLiveObjects: 0.203000 ms CreateObjectMapping: 0.116500 ms MarkObjects: 2.269400 ms  DeleteObjects: 0.034800 ms)

AssetImportParameters requested are different than current active one (requested -> active):
  custom:framework-win-MediaFoundation: 216162199b28c13a410421893ffa2e32 -> 
  custom:video-decoder-ogg-theora: a1e56fd34408186e4bbccfd4996cb3dc -> 
  custom:container-muxer-webm: aa71ff27fc2769a1b78a27578f13a17b -> 
  custom:container-demuxer-webm: 4f35f7cbe854078d1ac9338744f61a02 -> 
  custom:container-demuxer-ogg: 62fdf1f143b41e24485cea50d1cbac27 -> 
  custom:video-encoder-webm-vp8: eb34c28f22e8b96e1ab97ce403110664 -> 
  custom:video-decoder-webm-vp8: 9c59270c3fd7afecdb556c50c9e8de78 -> 
  custom:audio-decoder-ogg-vorbis: bf7c407c2cedff20999df2af8eb42d56 -> 
  custom:audio-encoder-webm-vorbis: bf7c407c2cedff20999df2af8eb42d56 -> 
========================================================================
Received Prepare
Registering precompiled user dll's ...
Registered in 0.002130 seconds.
Begin MonoManager ReloadAssembly
Symbol file LoadedFromMemory doesn't match image D:\Universidad\UNRAF\2023\TDJ4\HorrorSuspenseTDJ4\Proyecto TDJ\Horror Game\Library\PackageCache\com.unity.collab-proxy@1.15.15\Lib\Editor\PlasticSCM\unityplastic.dll
Native extension for WindowsStandalone target not found
Native extension for WebGL target not found
Refreshing native plugins compatible for Editor in 0.58 ms, found 2 plugins.
Preloading 0 native plugins for Editor in 0.00 ms.
Mono: successfully reloaded assembly
- Completed reload, in  0.698 seconds
Domain Reload Profiling:
	ReloadAssembly (698ms)
		BeginReloadAssembly (103ms)
			ExecutionOrderSort (0ms)
			DisableScriptedObjects (3ms)
			BackupInstance (0ms)
			ReleaseScriptingObjects (0ms)
			CreateAndSetChildDomain (29ms)
		EndReloadAssembly (550ms)
			LoadAssemblies (75ms)
			RebuildTransferFunctionScriptingTraits (0ms)
			SetupTypeCache (177ms)
			ReleaseScriptCaches (1ms)
			RebuildScriptCaches (26ms)
			SetupLoadedEditorAssemblies (221ms)
				LogAssemblyErrors (0ms)
				InitializePlatformSupportModulesInManaged (4ms)
				SetLoadedEditorAssemblies (0ms)
				RefreshPlugins (1ms)
				BeforeProcessingInitializeOnLoad (45ms)
				ProcessInitializeOnLoadAttributes (157ms)
				ProcessInitializeOnLoadMethodAttributes (6ms)
				AfterProcessingInitializeOnLoad (7ms)
				EditorAssembliesLoaded (0ms)
			ExecutionOrderSort2 (0ms)
			AwakeInstancesAfterBackupRestoration (5ms)
Platform modules already initialized, skipping
Refreshing native plugins compatible for Editor in 0.57 ms, found 2 plugins.
Preloading 0 native plugins for Editor in 0.00 ms.
Unloading 1973 Unused Serialized files (Serialized files now loaded: 0)
System memory in use before: 95.2 MB.
System memory in use after: 95.3 MB.

Unloading 11 unused Assets to reduce memory usage. Loaded Objects now: 2503.
Total: 2.507800 ms (FindLiveObjects: 0.132300 ms CreateObjectMapping: 0.048600 ms MarkObjects: 2.305400 ms  DeleteObjects: 0.020700 ms)

AssetImportParameters requested are different than current active one (requested -> active):
  custom:framework-win-MediaFoundation: 216162199b28c13a410421893ffa2e32 -> 
  custom:video-decoder-ogg-theora: a1e56fd34408186e4bbccfd4996cb3dc -> 
  custom:container-muxer-webm: aa71ff27fc2769a1b78a27578f13a17b -> 
  custom:container-demuxer-webm: 4f35f7cbe854078d1ac9338744f61a02 -> 
  custom:container-demuxer-ogg: 62fdf1f143b41e24485cea50d1cbac27 -> 
  custom:video-encoder-webm-vp8: eb34c28f22e8b96e1ab97ce403110664 -> 
  custom:video-decoder-webm-vp8: 9c59270c3fd7afecdb556c50c9e8de78 -> 
  custom:audio-decoder-ogg-vorbis: bf7c407c2cedff20999df2af8eb42d56 -> 
  custom:audio-encoder-webm-vorbis: bf7c407c2cedff20999df2af8eb42d56 -> 
========================================================================
Received Prepare
Registering precompiled user dll's ...
Registered in 0.001966 seconds.
Begin MonoManager ReloadAssembly
Symbol file LoadedFromMemory doesn't match image D:\Universidad\UNRAF\2023\TDJ4\HorrorSuspenseTDJ4\Proyecto TDJ\Horror Game\Library\PackageCache\com.unity.collab-proxy@1.15.15\Lib\Editor\PlasticSCM\unityplastic.dll
Native extension for WindowsStandalone target not found
Native extension for WebGL target not found
Refreshing native plugins compatible for Editor in 0.59 ms, found 2 plugins.
Preloading 0 native plugins for Editor in 0.00 ms.
Mono: successfully reloaded assembly
- Completed reload, in  0.712 seconds
Domain Reload Profiling:
	ReloadAssembly (712ms)
		BeginReloadAssembly (99ms)
			ExecutionOrderSort (0ms)
			DisableScriptedObjects (3ms)
			BackupInstance (0ms)
			ReleaseScriptingObjects (0ms)
			CreateAndSetChildDomain (28ms)
		EndReloadAssembly (566ms)
			LoadAssemblies (75ms)
			RebuildTransferFunctionScriptingTraits (0ms)
			SetupTypeCache (192ms)
			ReleaseScriptCaches (1ms)
			RebuildScriptCaches (26ms)
			SetupLoadedEditorAssemblies (219ms)
				LogAssemblyErrors (0ms)
				InitializePlatformSupportModulesInManaged (4ms)
				SetLoadedEditorAssemblies (0ms)
				RefreshPlugins (1ms)
				BeforeProcessingInitializeOnLoad (44ms)
				ProcessInitializeOnLoadAttributes (157ms)
				ProcessInitializeOnLoadMethodAttributes (6ms)
				AfterProcessingInitializeOnLoad (7ms)
				EditorAssembliesLoaded (0ms)
			ExecutionOrderSort2 (0ms)
			AwakeInstancesAfterBackupRestoration (5ms)
Platform modules already initialized, skipping
Refreshing native plugins compatible for Editor in 0.59 ms, found 2 plugins.
Preloading 0 native plugins for Editor in 0.00 ms.
Unloading 1973 Unused Serialized files (Serialized files now loaded: 0)
System memory in use before: 95.3 MB.
System memory in use after: 95.4 MB.

Unloading 11 unused Assets to reduce memory usage. Loaded Objects now: 2506.
Total: 2.310800 ms (FindLiveObjects: 0.177100 ms CreateObjectMapping: 0.048700 ms MarkObjects: 2.065300 ms  DeleteObjects: 0.018300 ms)

AssetImportParameters requested are different than current active one (requested -> active):
  custom:framework-win-MediaFoundation: 216162199b28c13a410421893ffa2e32 -> 
  custom:video-decoder-ogg-theora: a1e56fd34408186e4bbccfd4996cb3dc -> 
  custom:container-muxer-webm: aa71ff27fc2769a1b78a27578f13a17b -> 
  custom:container-demuxer-webm: 4f35f7cbe854078d1ac9338744f61a02 -> 
  custom:container-demuxer-ogg: 62fdf1f143b41e24485cea50d1cbac27 -> 
  custom:video-encoder-webm-vp8: eb34c28f22e8b96e1ab97ce403110664 -> 
  custom:video-decoder-webm-vp8: 9c59270c3fd7afecdb556c50c9e8de78 -> 
  custom:audio-decoder-ogg-vorbis: bf7c407c2cedff20999df2af8eb42d56 -> 
  custom:audio-encoder-webm-vorbis: bf7c407c2cedff20999df2af8eb42d56 -> 
========================================================================
Received Import Request.
  Time since last request: 319.981391 seconds.
  path: Assets/Scenes/Final.unity
  artifactKey: Guid(88ee88da6af4a9f4480c7b98e4a7dc2a) Importer(815301076,1909f56bfc062723c751e8b465ee728b)
Start importing Assets/Scenes/Final.unity using Guid(88ee88da6af4a9f4480c7b98e4a7dc2a) Importer(815301076,1909f56bfc062723c751e8b465ee728b)  -> (artifact id: '4e1e92326999638864333e01d8dca41b') in 0.008380 seconds 
========================================================================
Received Prepare
Registering precompiled user dll's ...
Registered in 0.002224 seconds.
Begin MonoManager ReloadAssembly
Symbol file LoadedFromMemory doesn't match image D:\Universidad\UNRAF\2023\TDJ4\HorrorSuspenseTDJ4\Proyecto TDJ\Horror Game\Library\PackageCache\com.unity.collab-proxy@1.15.15\Lib\Editor\PlasticSCM\unityplastic.dll
Native extension for WindowsStandalone target not found
Native extension for WebGL target not found
Refreshing native plugins compatible for Editor in 0.59 ms, found 2 plugins.
Preloading 0 native plugins for Editor in 0.00 ms.
Mono: successfully reloaded assembly
- Completed reload, in  0.717 seconds
Domain Reload Profiling:
	ReloadAssembly (717ms)
		BeginReloadAssembly (100ms)
			ExecutionOrderSort (0ms)
			DisableScriptedObjects (3ms)
			BackupInstance (0ms)
			ReleaseScriptingObjects (0ms)
			CreateAndSetChildDomain (27ms)
		EndReloadAssembly (571ms)
			LoadAssemblies (75ms)
			RebuildTransferFunctionScriptingTraits (0ms)
			SetupTypeCache (194ms)
			ReleaseScriptCaches (1ms)
			RebuildScriptCaches (26ms)
			SetupLoadedEditorAssemblies (223ms)
				LogAssemblyErrors (0ms)
				InitializePlatformSupportModulesInManaged (4ms)
				SetLoadedEditorAssemblies (0ms)
				RefreshPlugins (1ms)
				BeforeProcessingInitializeOnLoad (47ms)
				ProcessInitializeOnLoadAttributes (158ms)
				ProcessInitializeOnLoadMethodAttributes (6ms)
				AfterProcessingInitializeOnLoad (7ms)
				EditorAssembliesLoaded (0ms)
			ExecutionOrderSort2 (0ms)
			AwakeInstancesAfterBackupRestoration (5ms)
Platform modules already initialized, skipping
Refreshing native plugins compatible for Editor in 0.57 ms, found 2 plugins.
Preloading 0 native plugins for Editor in 0.00 ms.
Unloading 1973 Unused Serialized files (Serialized files now loaded: 0)
System memory in use before: 95.3 MB.
System memory in use after: 95.4 MB.

Unloading 11 unused Assets to reduce memory usage. Loaded Objects now: 2509.
Total: 2.237300 ms (FindLiveObjects: 0.145500 ms CreateObjectMapping: 0.040100 ms MarkObjects: 2.033500 ms  DeleteObjects: 0.017400 ms)

AssetImportParameters requested are different than current active one (requested -> active):
  custom:framework-win-MediaFoundation: 216162199b28c13a410421893ffa2e32 -> 
  custom:video-decoder-ogg-theora: a1e56fd34408186e4bbccfd4996cb3dc -> 
  custom:container-muxer-webm: aa71ff27fc2769a1b78a27578f13a17b -> 
  custom:container-demuxer-webm: 4f35f7cbe854078d1ac9338744f61a02 -> 
  custom:container-demuxer-ogg: 62fdf1f143b41e24485cea50d1cbac27 -> 
  custom:video-encoder-webm-vp8: eb34c28f22e8b96e1ab97ce403110664 -> 
  custom:video-decoder-webm-vp8: 9c59270c3fd7afecdb556c50c9e8de78 -> 
  custom:audio-decoder-ogg-vorbis: bf7c407c2cedff20999df2af8eb42d56 -> 
  custom:audio-encoder-webm-vorbis: bf7c407c2cedff20999df2af8eb42d56 -> 
========================================================================
Received Prepare
Registering precompiled user dll's ...
Registered in 0.001966 seconds.
Begin MonoManager ReloadAssembly
Symbol file LoadedFromMemory doesn't match image D:\Universidad\UNRAF\2023\TDJ4\HorrorSuspenseTDJ4\Proyecto TDJ\Horror Game\Library\PackageCache\com.unity.collab-proxy@1.15.15\Lib\Editor\PlasticSCM\unityplastic.dll
Native extension for WindowsStandalone target not found
Native extension for WebGL target not found
Refreshing native plugins compatible for Editor in 0.60 ms, found 2 plugins.
Preloading 0 native plugins for Editor in 0.00 ms.
Mono: successfully reloaded assembly
- Completed reload, in  0.684 seconds
Domain Reload Profiling:
	ReloadAssembly (685ms)
		BeginReloadAssembly (96ms)
			ExecutionOrderSort (0ms)
			DisableScriptedObjects (3ms)
			BackupInstance (0ms)
			ReleaseScriptingObjects (0ms)
			CreateAndSetChildDomain (26ms)
		EndReloadAssembly (544ms)
			LoadAssemblies (73ms)
			RebuildTransferFunctionScriptingTraits (0ms)
			SetupTypeCache (179ms)
			ReleaseScriptCaches (1ms)
			RebuildScriptCaches (25ms)
			SetupLoadedEditorAssemblies (216ms)
				LogAssemblyErrors (0ms)
				InitializePlatformSupportModulesInManaged (4ms)
				SetLoadedEditorAssemblies (0ms)
				RefreshPlugins (1ms)
				BeforeProcessingInitializeOnLoad (43ms)
				ProcessInitializeOnLoadAttributes (154ms)
				ProcessInitializeOnLoadMethodAttributes (6ms)
				AfterProcessingInitializeOnLoad (7ms)
				EditorAssembliesLoaded (0ms)
			ExecutionOrderSort2 (0ms)
			AwakeInstancesAfterBackupRestoration (5ms)
Platform modules already initialized, skipping
Refreshing native plugins compatible for Editor in 0.58 ms, found 2 plugins.
Preloading 0 native plugins for Editor in 0.00 ms.
Unloading 1973 Unused Serialized files (Serialized files now loaded: 0)
System memory in use before: 95.3 MB.
System memory in use after: 95.4 MB.

Unloading 11 unused Assets to reduce memory usage. Loaded Objects now: 2512.
Total: 2.648100 ms (FindLiveObjects: 0.158100 ms CreateObjectMapping: 0.071100 ms MarkObjects: 2.395400 ms  DeleteObjects: 0.022900 ms)

AssetImportParameters requested are different than current active one (requested -> active):
  custom:framework-win-MediaFoundation: 216162199b28c13a410421893ffa2e32 -> 
  custom:video-decoder-ogg-theora: a1e56fd34408186e4bbccfd4996cb3dc -> 
  custom:container-muxer-webm: aa71ff27fc2769a1b78a27578f13a17b -> 
  custom:container-demuxer-webm: 4f35f7cbe854078d1ac9338744f61a02 -> 
  custom:container-demuxer-ogg: 62fdf1f143b41e24485cea50d1cbac27 -> 
  custom:video-encoder-webm-vp8: eb34c28f22e8b96e1ab97ce403110664 -> 
  custom:video-decoder-webm-vp8: 9c59270c3fd7afecdb556c50c9e8de78 -> 
  custom:audio-decoder-ogg-vorbis: bf7c407c2cedff20999df2af8eb42d56 -> 
  custom:audio-encoder-webm-vorbis: bf7c407c2cedff20999df2af8eb42d56 -> 
========================================================================
Received Import Request.
  Time since last request: 708.891550 seconds.
  path: Assets/SFX
  artifactKey: Guid(0c7949060e8761541b0084ae706678a8) Importer(815301076,1909f56bfc062723c751e8b465ee728b)
Start importing Assets/SFX using Guid(0c7949060e8761541b0084ae706678a8) Importer(815301076,1909f56bfc062723c751e8b465ee728b)  -> (artifact id: '77016d1e2aff1f441637f0de6e491689') in 0.012714 seconds 
========================================================================
Received Import Request.
  Time since last request: 0.014051 seconds.
  path: Assets/SFX/glass_tap.mp3
  artifactKey: Guid(b1863bbac1a81d94892c1e7f0966f51b) Importer(815301076,1909f56bfc062723c751e8b465ee728b)
Start importing Assets/SFX/glass_tap.mp3 using Guid(b1863bbac1a81d94892c1e7f0966f51b) Importer(815301076,1909f56bfc062723c751e8b465ee728b)  -> (artifact id: '14c4a64161c76fdeb6eaf80c3c2d722a') in 0.105986 seconds 
========================================================================
Received Import Request.
  Time since last request: 0.000139 seconds.
  path: Assets/SFX/screaming.wav
  artifactKey: Guid(a57bbfc4c862e8844af8c0c2db70008b) Importer(815301076,1909f56bfc062723c751e8b465ee728b)
Start importing Assets/SFX/screaming.wav using Guid(a57bbfc4c862e8844af8c0c2db70008b) Importer(815301076,1909f56bfc062723c751e8b465ee728b)  -> (artifact id: 'a52952cb1e194e3ef1a8e2ec6ebc7a0e') in 0.020923 seconds 
========================================================================
Received Import Request.
  Time since last request: 0.000182 seconds.
  path: Assets/SFX/wrong.mp3
  artifactKey: Guid(e49e24d016c09944abcd18cdcf149906) Importer(815301076,1909f56bfc062723c751e8b465ee728b)
Start importing Assets/SFX/wrong.mp3 using Guid(e49e24d016c09944abcd18cdcf149906) Importer(815301076,1909f56bfc062723c751e8b465ee728b)  -> (artifact id: 'ae09e0d2e6cc58249c35ae42066fd355') in 0.020208 seconds 
========================================================================
Received Import Request.
  Time since last request: 0.000137 seconds.
  path: Assets/SFX/scarycut.wav
  artifactKey: Guid(7375b7eaa6a0cc9448cc158d079280ec) Importer(815301076,1909f56bfc062723c751e8b465ee728b)
Start importing Assets/SFX/scarycut.wav using Guid(7375b7eaa6a0cc9448cc158d079280ec) Importer(815301076,1909f56bfc062723c751e8b465ee728b)  -> (artifact id: '94f55cb3f9072a50bc5da0464cea6563') in 0.019856 seconds 
========================================================================
Received Import Request.
  Time since last request: 0.000169 seconds.
  path: Assets/SFX/OO.wav
  artifactKey: Guid(00ecdbbb3cd2f9341a65a4d98cfc380c) Importer(815301076,1909f56bfc062723c751e8b465ee728b)
Start importing Assets/SFX/OO.wav using Guid(00ecdbbb3cd2f9341a65a4d98cfc380c) Importer(815301076,1909f56bfc062723c751e8b465ee728b)  -> (artifact id: 'f00e10a4e47507dc951154cf060176c2') in 0.019173 seconds 
========================================================================
Received Import Request.
  Time since last request: 0.000149 seconds.
  path: Assets/SFX/WalkingNew.wav
  artifactKey: Guid(eb75963eddb497142865fbdbe8e27ccf) Importer(815301076,1909f56bfc062723c751e8b465ee728b)
Start importing Assets/SFX/WalkingNew.wav using Guid(eb75963eddb497142865fbdbe8e27ccf) Importer(815301076,1909f56bfc062723c751e8b465ee728b)  -> (artifact id: 'b6003d20891333f642ef203e5328ee39') in 0.019048 seconds 
========================================================================
Received Import Request.
  Time since last request: 0.000184 seconds.
  path: Assets/SFX/Running.wav
  artifactKey: Guid(61602b2ba4be8e74aad67d425dfa0080) Importer(815301076,1909f56bfc062723c751e8b465ee728b)
Start importing Assets/SFX/Running.wav using Guid(61602b2ba4be8e74aad67d425dfa0080) Importer(815301076,1909f56bfc062723c751e8b465ee728b)  -> (artifact id: 'bd62a4d4594d892a9717faf08206622a') in 0.019837 seconds 
========================================================================
Received Import Request.
  Time since last request: 0.000164 seconds.
  path: Assets/SFX/RadioLong.wav
  artifactKey: Guid(8701af1dc6bbb934fa2f0283c7967e83) Importer(815301076,1909f56bfc062723c751e8b465ee728b)
Start importing Assets/SFX/RadioLong.wav using Guid(8701af1dc6bbb934fa2f0283c7967e83) Importer(815301076,1909f56bfc062723c751e8b465ee728b)  -> (artifact id: 'c7437717a2a4005ce1b01b4f2c3695a7') in 0.019801 seconds 
========================================================================
Received Import Request.
  Time since last request: 0.000181 seconds.
  path: Assets/SFX/Man Crying and Whimpering Sound Effect.wav
  artifactKey: Guid(72c332df3db4458418c1b467777e7fa5) Importer(815301076,1909f56bfc062723c751e8b465ee728b)
Start importing Assets/SFX/Man Crying and Whimpering Sound Effect.wav using Guid(72c332df3db4458418c1b467777e7fa5) Importer(815301076,1909f56bfc062723c751e8b465ee728b)  -> (artifact id: 'afd3b1148f4e3225809d8b184534cd09') in 0.018419 seconds 
========================================================================
Received Import Request.
  Time since last request: 0.000135 seconds.
  path: Assets/SFX/keys drop.wav
  artifactKey: Guid(3af29473911279c4ea3018a7cab76e08) Importer(815301076,1909f56bfc062723c751e8b465ee728b)
Start importing Assets/SFX/keys drop.wav using Guid(3af29473911279c4ea3018a7cab76e08) Importer(815301076,1909f56bfc062723c751e8b465ee728b)  -> (artifact id: '689e6200a283ca178e8d27bad32da7ac') in 0.019222 seconds 
========================================================================
Received Import Request.
  Time since last request: 0.000162 seconds.
  path: Assets/SFX/radio static⧸ estatica de radio.wav
  artifactKey: Guid(fa500d095270d5a4d8a1286186e7e67c) Importer(815301076,1909f56bfc062723c751e8b465ee728b)
Start importing Assets/SFX/radio static⧸ estatica de radio.wav using Guid(fa500d095270d5a4d8a1286186e7e67c) Importer(815301076,1909f56bfc062723c751e8b465ee728b)  -> (artifact id: '9f2d78d4ea3761c440426997fff10ba9') in 0.014286 seconds 
========================================================================
Received Import Request.
  Time since last request: 0.000143 seconds.
  path: Assets/SFX/LegnaehTLong.wav
  artifactKey: Guid(ca631fde54f550c45bbda9c9b6e5b932) Importer(815301076,1909f56bfc062723c751e8b465ee728b)
Start importing Assets/SFX/LegnaehTLong.wav using Guid(ca631fde54f550c45bbda9c9b6e5b932) Importer(815301076,1909f56bfc062723c751e8b465ee728b)  -> (artifact id: '4b006e192819ae614e6422930a610ebe') in 0.019316 seconds 
========================================================================
Received Import Request.
  Time since last request: 0.000143 seconds.
  path: Assets/SFX/LegnaehT.wav
  artifactKey: Guid(1d40f29f6833a3d4b88048d3f60cbb05) Importer(815301076,1909f56bfc062723c751e8b465ee728b)
Start importing Assets/SFX/LegnaehT.wav using Guid(1d40f29f6833a3d4b88048d3f60cbb05) Importer(815301076,1909f56bfc062723c751e8b465ee728b)  -> (artifact id: 'f428dd1b01863734fce39d6e9d51a1a6') in 0.019131 seconds 
========================================================================
Received Import Request.
  Time since last request: 0.000243 seconds.
  path: Assets/SFX/llanto.wav
  artifactKey: Guid(dae5525f6da36664da7eea2c837083bd) Importer(815301076,1909f56bfc062723c751e8b465ee728b)
Start importing Assets/SFX/llanto.wav using Guid(dae5525f6da36664da7eea2c837083bd) Importer(815301076,1909f56bfc062723c751e8b465ee728b)  -> (artifact id: 'a38041b440e92a6c2a3bfcd23a915f91') in 0.022149 seconds 
========================================================================
Received Import Request.
  Time since last request: 0.000126 seconds.
  path: Assets/SFX/regalito.wav
  artifactKey: Guid(3c79e1aef381c4a4cac4efbf219086d4) Importer(815301076,1909f56bfc062723c751e8b465ee728b)
Start importing Assets/SFX/regalito.wav using Guid(3c79e1aef381c4a4cac4efbf219086d4) Importer(815301076,1909f56bfc062723c751e8b465ee728b)  -> (artifact id: 'e62d28c699fca33e74a594d49c90983b') in 0.020466 seconds 
========================================================================
Received Import Request.
  Time since last request: 0.000179 seconds.
  path: Assets/SFX/Mobile_phone.wav
  artifactKey: Guid(47e359268aaa7eb4a98370c90eb44f7d) Importer(815301076,1909f56bfc062723c751e8b465ee728b)
Start importing Assets/SFX/Mobile_phone.wav using Guid(47e359268aaa7eb4a98370c90eb44f7d) Importer(815301076,1909f56bfc062723c751e8b465ee728b)  -> (artifact id: '4a1b449041a0c4fb426d5f1ed3228bad') in 0.019955 seconds 
========================================================================
Received Import Request.
  Time since last request: 0.000135 seconds.
  path: Assets/SFX/VientoSFX.wav
  artifactKey: Guid(c14e3678102610f4a9d14cbc81187b7f) Importer(815301076,1909f56bfc062723c751e8b465ee728b)
Start importing Assets/SFX/VientoSFX.wav using Guid(c14e3678102610f4a9d14cbc81187b7f) Importer(815301076,1909f56bfc062723c751e8b465ee728b)  -> (artifact id: 'f030405d89f135066de518057ebae2d0') in 0.019895 seconds 
========================================================================
Received Import Request.
  Time since last request: 0.000293 seconds.
  path: Assets/SFX/wooden-door-creaking-102413.wav
  artifactKey: Guid(4731c3b3a7aaca848860f9aa1de1e8e2) Importer(815301076,1909f56bfc062723c751e8b465ee728b)
Start importing Assets/SFX/wooden-door-creaking-102413.wav using Guid(4731c3b3a7aaca848860f9aa1de1e8e2) Importer(815301076,1909f56bfc062723c751e8b465ee728b)  -> (artifact id: '1be9bb2abeb85bc685797c6244f8dedd') in 0.019959 seconds 
========================================================================
Received Import Request.
  Time since last request: 0.000225 seconds.
  path: Assets/SFX/Impact Wood Hit - Sound Effect SFX.wav
  artifactKey: Guid(202397f9c9e163442976b98b9a555d1c) Importer(815301076,1909f56bfc062723c751e8b465ee728b)
Start importing Assets/SFX/Impact Wood Hit - Sound Effect SFX.wav using Guid(202397f9c9e163442976b98b9a555d1c) Importer(815301076,1909f56bfc062723c751e8b465ee728b)  -> (artifact id: '9bc93c5425ab47c951f8da1b4c0eadcd') in 0.021320 seconds 
========================================================================
Received Import Request.
  Time since last request: 0.165155 seconds.
  path: Assets/SFX/Ambiente nocturno.wav
  artifactKey: Guid(d2d94249b7deb6e44a152028051e7aef) Importer(815301076,1909f56bfc062723c751e8b465ee728b)
Start importing Assets/SFX/Ambiente nocturno.wav using Guid(d2d94249b7deb6e44a152028051e7aef) Importer(815301076,1909f56bfc062723c751e8b465ee728b)  -> (artifact id: 'eaed55614309ef20edbe491dbc67722b') in 0.019342 seconds 
========================================================================
Received Import Request.
  Time since last request: 0.000147 seconds.
  path: Assets/SFX/blockedoor.wav
  artifactKey: Guid(57e6e7d1f0624cf4c91445d95cc88199) Importer(815301076,1909f56bfc062723c751e8b465ee728b)
Start importing Assets/SFX/blockedoor.wav using Guid(57e6e7d1f0624cf4c91445d95cc88199) Importer(815301076,1909f56bfc062723c751e8b465ee728b)  -> (artifact id: 'e8be0665134111bbc492c9f8284c0faf') in 0.020701 seconds 
========================================================================
Received Import Request.
  Time since last request: 0.000124 seconds.
  path: Assets/SFX/Flashlight Button Sound Effect.wav
  artifactKey: Guid(40ec17b073316274f8f012671b410af6) Importer(815301076,1909f56bfc062723c751e8b465ee728b)
Start importing Assets/SFX/Flashlight Button Sound Effect.wav using Guid(40ec17b073316274f8f012671b410af6) Importer(815301076,1909f56bfc062723c751e8b465ee728b)  -> (artifact id: 'd022e2d90b4855b12e59c25c216ad630') in 0.025722 seconds 
========================================================================
Received Import Request.
  Time since last request: 0.000161 seconds.
  path: Assets/SFX/FLICKER SOUND EFFECT.wav
  artifactKey: Guid(901394f141edae9418180208119f21cc) Importer(815301076,1909f56bfc062723c751e8b465ee728b)
Start importing Assets/SFX/FLICKER SOUND EFFECT.wav using Guid(901394f141edae9418180208119f21cc) Importer(815301076,1909f56bfc062723c751e8b465ee728b)  -> (artifact id: '71e681753be9eacf5f913297a2578b74') in 0.021754 seconds 
========================================================================
Received Import Request.
  Time since last request: 0.000194 seconds.
  path: Assets/SFX/Footsteps.wav
  artifactKey: Guid(1d48992914d57514f96543f84d357e59) Importer(815301076,1909f56bfc062723c751e8b465ee728b)
Start importing Assets/SFX/Footsteps.wav using Guid(1d48992914d57514f96543f84d357e59) Importer(815301076,1909f56bfc062723c751e8b465ee728b)  -> (artifact id: '3906b002fb15bd9c6a263cfd28557825') in 0.019449 seconds 
========================================================================
Received Import Request.
  Time since last request: 0.000137 seconds.
  path: Assets/SFX/audiovoz.wav
  artifactKey: Guid(9589f30bd6d58094dbc1411ec98c4d31) Importer(815301076,1909f56bfc062723c751e8b465ee728b)
Start importing Assets/SFX/audiovoz.wav using Guid(9589f30bd6d58094dbc1411ec98c4d31) Importer(815301076,1909f56bfc062723c751e8b465ee728b)  -> (artifact id: '5f76f17079325b7f8f78400c07c28e29') in 0.013865 seconds 
========================================================================
Received Import Request.
  Time since last request: 0.000154 seconds.
  path: Assets/SFX/Door knocking sound effect.wav
  artifactKey: Guid(fb8e98687eba7cf4ab800904737f760b) Importer(815301076,1909f56bfc062723c751e8b465ee728b)
Start importing Assets/SFX/Door knocking sound effect.wav using Guid(fb8e98687eba7cf4ab800904737f760b) Importer(815301076,1909f56bfc062723c751e8b465ee728b)  -> (artifact id: '7f920d91e3709d4c32628045c031d24e') in 0.021288 seconds 
========================================================================
Received Import Request.
  Time since last request: 0.000180 seconds.
  path: Assets/SFX/door2.wav
  artifactKey: Guid(f581fa91cab1da84db16a9cd158746ac) Importer(815301076,1909f56bfc062723c751e8b465ee728b)
Start importing Assets/SFX/door2.wav using Guid(f581fa91cab1da84db16a9cd158746ac) Importer(815301076,1909f56bfc062723c751e8b465ee728b)  -> (artifact id: 'fe86aaab1d1cb12a855ff2171b252a3e') in 0.020757 seconds 
========================================================================
Received Import Request.
  Time since last request: 2.427944 seconds.
  path: Assets/SFX/maquinadeescribir.wav
  artifactKey: Guid(ecb40085c94ed8042a7a91739fc0a4ab) Importer(815301076,1909f56bfc062723c751e8b465ee728b)
Start importing Assets/SFX/maquinadeescribir.wav using Guid(ecb40085c94ed8042a7a91739fc0a4ab) Importer(815301076,1909f56bfc062723c751e8b465ee728b)  -> (artifact id: '1967a9edd9d668afeffdaeda5ba4267d') in 0.012401 seconds 
========================================================================
Received Prepare
Registering precompiled user dll's ...
Registered in 0.002260 seconds.
Begin MonoManager ReloadAssembly
Symbol file LoadedFromMemory doesn't match image D:\Universidad\UNRAF\2023\TDJ4\HorrorSuspenseTDJ4\Proyecto TDJ\Horror Game\Library\PackageCache\com.unity.collab-proxy@1.15.15\Lib\Editor\PlasticSCM\unityplastic.dll
Native extension for WindowsStandalone target not found
Native extension for WebGL target not found
Refreshing native plugins compatible for Editor in 0.58 ms, found 2 plugins.
Preloading 0 native plugins for Editor in 0.00 ms.
Mono: successfully reloaded assembly
- Completed reload, in  0.808 seconds
Domain Reload Profiling:
	ReloadAssembly (809ms)
		BeginReloadAssembly (108ms)
			ExecutionOrderSort (0ms)
			DisableScriptedObjects (3ms)
			BackupInstance (0ms)
			ReleaseScriptingObjects (0ms)
			CreateAndSetChildDomain (31ms)
		EndReloadAssembly (649ms)
			LoadAssemblies (83ms)
			RebuildTransferFunctionScriptingTraits (0ms)
			SetupTypeCache (236ms)
			ReleaseScriptCaches (1ms)
			RebuildScriptCaches (30ms)
			SetupLoadedEditorAssemblies (246ms)
				LogAssemblyErrors (0ms)
				InitializePlatformSupportModulesInManaged (5ms)
				SetLoadedEditorAssemblies (0ms)
				RefreshPlugins (1ms)
				BeforeProcessingInitializeOnLoad (48ms)
				ProcessInitializeOnLoadAttributes (180ms)
				ProcessInitializeOnLoadMethodAttributes (7ms)
				AfterProcessingInitializeOnLoad (7ms)
				EditorAssembliesLoaded (0ms)
			ExecutionOrderSort2 (0ms)
			AwakeInstancesAfterBackupRestoration (5ms)
Platform modules already initialized, skipping
Refreshing native plugins compatible for Editor in 0.58 ms, found 2 plugins.
Preloading 0 native plugins for Editor in 0.00 ms.
Unloading 1973 Unused Serialized files (Serialized files now loaded: 0)
System memory in use before: 98.3 MB.
System memory in use after: 98.4 MB.

Unloading 11 unused Assets to reduce memory usage. Loaded Objects now: 2524.
Total: 3.160900 ms (FindLiveObjects: 0.301000 ms CreateObjectMapping: 0.092000 ms MarkObjects: 2.739800 ms  DeleteObjects: 0.026300 ms)

AssetImportParameters requested are different than current active one (requested -> active):
  custom:framework-win-MediaFoundation: 216162199b28c13a410421893ffa2e32 -> 
  custom:video-decoder-ogg-theora: a1e56fd34408186e4bbccfd4996cb3dc -> 
  custom:container-muxer-webm: aa71ff27fc2769a1b78a27578f13a17b -> 
  custom:container-demuxer-webm: 4f35f7cbe854078d1ac9338744f61a02 -> 
  custom:container-demuxer-ogg: 62fdf1f143b41e24485cea50d1cbac27 -> 
  custom:video-encoder-webm-vp8: eb34c28f22e8b96e1ab97ce403110664 -> 
  custom:video-decoder-webm-vp8: 9c59270c3fd7afecdb556c50c9e8de78 -> 
  custom:audio-decoder-ogg-vorbis: bf7c407c2cedff20999df2af8eb42d56 -> 
  custom:audio-encoder-webm-vorbis: bf7c407c2cedff20999df2af8eb42d56 -> 
========================================================================
Received Prepare
Registering precompiled user dll's ...
Registered in 0.002022 seconds.
Begin MonoManager ReloadAssembly
Symbol file LoadedFromMemory doesn't match image D:\Universidad\UNRAF\2023\TDJ4\HorrorSuspenseTDJ4\Proyecto TDJ\Horror Game\Library\PackageCache\com.unity.collab-proxy@1.15.15\Lib\Editor\PlasticSCM\unityplastic.dll
Native extension for WindowsStandalone target not found
Native extension for WebGL target not found
Refreshing native plugins compatible for Editor in 0.82 ms, found 2 plugins.
Preloading 0 native plugins for Editor in 0.00 ms.
Mono: successfully reloaded assembly
- Completed reload, in  0.775 seconds
Domain Reload Profiling:
	ReloadAssembly (776ms)
		BeginReloadAssembly (107ms)
			ExecutionOrderSort (0ms)
			DisableScriptedObjects (3ms)
			BackupInstance (0ms)
			ReleaseScriptingObjects (0ms)
			CreateAndSetChildDomain (29ms)
		EndReloadAssembly (618ms)
			LoadAssemblies (83ms)
			RebuildTransferFunctionScriptingTraits (0ms)
			SetupTypeCache (205ms)
			ReleaseScriptCaches (1ms)
			RebuildScriptCaches (28ms)
			SetupLoadedEditorAssemblies (244ms)
				LogAssemblyErrors (0ms)
				InitializePlatformSupportModulesInManaged (5ms)
				SetLoadedEditorAssemblies (0ms)
				RefreshPlugins (1ms)
				BeforeProcessingInitializeOnLoad (50ms)
				ProcessInitializeOnLoadAttributes (173ms)
				ProcessInitializeOnLoadMethodAttributes (8ms)
				AfterProcessingInitializeOnLoad (7ms)
				EditorAssembliesLoaded (0ms)
			ExecutionOrderSort2 (0ms)
			AwakeInstancesAfterBackupRestoration (5ms)
Platform modules already initialized, skipping
Refreshing native plugins compatible for Editor in 0.72 ms, found 2 plugins.
Preloading 0 native plugins for Editor in 0.00 ms.
Unloading 1973 Unused Serialized files (Serialized files now loaded: 0)
System memory in use before: 98.2 MB.
System memory in use after: 98.4 MB.

Unloading 11 unused Assets to reduce memory usage. Loaded Objects now: 2527.
Total: 3.245900 ms (FindLiveObjects: 0.166700 ms CreateObjectMapping: 0.071400 ms MarkObjects: 2.986300 ms  DeleteObjects: 0.020500 ms)

AssetImportParameters requested are different than current active one (requested -> active):
  custom:framework-win-MediaFoundation: 216162199b28c13a410421893ffa2e32 -> 
  custom:video-decoder-ogg-theora: a1e56fd34408186e4bbccfd4996cb3dc -> 
  custom:container-muxer-webm: aa71ff27fc2769a1b78a27578f13a17b -> 
  custom:container-demuxer-webm: 4f35f7cbe854078d1ac9338744f61a02 -> 
  custom:container-demuxer-ogg: 62fdf1f143b41e24485cea50d1cbac27 -> 
  custom:video-encoder-webm-vp8: eb34c28f22e8b96e1ab97ce403110664 -> 
  custom:video-decoder-webm-vp8: 9c59270c3fd7afecdb556c50c9e8de78 -> 
  custom:audio-decoder-ogg-vorbis: bf7c407c2cedff20999df2af8eb42d56 -> 
  custom:audio-encoder-webm-vorbis: bf7c407c2cedff20999df2af8eb42d56 -> 
AssetImportWorkerClient::OnTransportError - code=2 error=End of file
